Build started 28/10/2015 16:35:30.
     1>Project "E:\Cours\GI\UQAC\Automne\125 IA pour le jv\Projets\Buckland\Sources\Buckland_Chapter3-Steering Behaviors\Steering.vcxproj" on node 2 (Build target(s)).
     1>C:\Program Files (x86)\MSBuild\Microsoft.Cpp\v4.0\V120\Microsoft.CppBuild.targets(942,5): warning MSB8027: Two or more files with the name of Vector2d.cpp will produce outputs to the same location. This can lead to an incorrect build result.  The files involved are Common\2D\Vector2d.cpp, ..\Common\2D\Vector2d.cpp.
     1>C:\Program Files (x86)\MSBuild\Microsoft.Cpp\v4.0\V120\Microsoft.CppBuild.targets(942,5): warning MSB8027: Two or more files with the name of Cgdi.cpp will produce outputs to the same location. This can lead to an incorrect build result.  The files involved are Common\misc\Cgdi.cpp, ..\Common\misc\Cgdi.cpp.
     1>C:\Program Files (x86)\MSBuild\Microsoft.Cpp\v4.0\V120\Microsoft.CppBuild.targets(942,5): warning MSB8027: Two or more files with the name of iniFileLoaderBase.cpp will produce outputs to the same location. This can lead to an incorrect build result.  The files involved are Common\misc\iniFileLoaderBase.cpp, ..\Common\misc\iniFileLoaderBase.cpp.
     1>C:\Program Files (x86)\MSBuild\Microsoft.Cpp\v4.0\V120\Microsoft.CppBuild.targets(942,5): warning MSB8027: Two or more files with the name of WindowUtils.cpp will produce outputs to the same location. This can lead to an incorrect build result.  The files involved are Common\misc\WindowUtils.cpp, ..\Common\misc\WindowUtils.cpp.
     1>C:\Program Files (x86)\MSBuild\Microsoft.Cpp\v4.0\V120\Microsoft.CppBuild.targets(942,5): warning MSB8027: Two or more files with the name of PrecisionTimer.cpp will produce outputs to the same location. This can lead to an incorrect build result.  The files involved are Common\Time\PrecisionTimer.cpp, ..\Common\Time\PrecisionTimer.cpp.
     1>ClCompile:
         C:\Program Files (x86)\Microsoft Visual Studio 12.0\VC\bin\CL.exe /c /I.\Common /ZI /nologo /W3 /WX- /Od /Oy- /D WIN32 /D _DEBUG /D _WINDOWS /D _VC80_UPGRADE=0x0600 /D _MBCS /Gm /EHsc /RTC1 /MTd /GS /fp:precise /Zc:wchar_t /Zc:forScope /GR /Fo".\Debug/" /Fd".\Debug/vc120.pdb" /FR".\Debug\\" /Gd /TP /analyze- /errorReport:prompt AgentFollower.cpp AgentLeader.cpp GameWorld.cpp SteeringBehaviors.cpp Vehicle.cpp main.cpp
         AgentLeader.cpp
     1>e:\cours\gi\uqac\automne\125 ia pour le jv\projets\buckland\sources\buckland_chapter3-steering behaviors\agentleader.cpp(13): error C2065: 'm_Pos' : undeclared identifier
     1>e:\cours\gi\uqac\automne\125 ia pour le jv\projets\buckland\sources\buckland_chapter3-steering behaviors\agentleader.cpp(45): error C2039: 'm_Pos' : is not a member of 'Vehicle'
                 e:\cours\gi\uqac\automne\125 ia pour le jv\projets\buckland\sources\buckland_chapter3-steering behaviors\vehicle.h(26) : see declaration of 'Vehicle'
         Generating Code...
         Compiling...
         AgentFollower.cpp
         Generating Code...
         Compiling...
         main.cpp
         Vehicle.cpp
         SteeringBehaviors.cpp
         GameWorld.cpp
         Generating Code...
     1>Done Building Project "E:\Cours\GI\UQAC\Automne\125 IA pour le jv\Projets\Buckland\Sources\Buckland_Chapter3-Steering Behaviors\Steering.vcxproj" (Build target(s)) -- FAILED.

Build FAILED.

Time Elapsed 00:00:05.79
